[2022-05-04T16:19:08.719Z] Validating found git in: git
[2022-05-04T16:19:08.763Z] Using git 2.36.0 from git
[2022-05-04T16:19:08.839Z] > git rev-parse --git-dir [49ms]
[2022-05-04T16:19:08.843Z] Open repository: /home/jack/Enso
[2022-05-04T16:19:08.976Z] > git symbolic-ref --short HEAD [3ms]
[2022-05-04T16:19:08.985Z] > git for-each-ref --format=%(refname)%00%(upstream:short)%00%(objectname)%00%(upstream:track) refs/heads/main refs/remotes/main [3ms]
[2022-05-04T16:19:08.993Z] > git remote --verbose [2ms]
[2022-05-04T16:19:09.025Z] > git for-each-ref --sort -committerdate --format %(refname) %(objectname) %(*objectname) [37ms]
[2022-05-04T16:19:09.032Z] > git config --get commit.template [2ms]
[2022-05-04T16:19:09.274Z] > git ls-files --stage -- /home/jack/Enso/makefile [6ms]
[2022-05-04T16:19:09.280Z] > git cat-file -s 24e0afff74fc8c2b05d4ec27b15aeaabb6681ace [3ms]
[2022-05-04T16:19:09.540Z] > git rev-parse --git-dir [2ms]
[2022-05-04T16:19:09.542Z] Open repository: /home/jack/Enso/sysroot/Files/Wallpapers
[2022-05-04T16:19:09.577Z] > git symbolic-ref --short HEAD [12ms]
[2022-05-04T16:19:09.577Z] fatal: ref HEAD is not a symbolic ref
[2022-05-04T16:19:09.587Z] > git rev-parse --git-dir [12ms]
[2022-05-04T16:19:09.589Z] Open repository: /home/jack/Enso/manual
[2022-05-04T16:19:09.594Z] > git rev-parse HEAD [7ms]
[2022-05-04T16:19:09.610Z] > git for-each-ref --sort -committerdate --format %(refname) %(objectname) %(*objectname) [10ms]
[2022-05-04T16:19:09.611Z] > git remote --verbose [7ms]
[2022-05-04T16:19:09.618Z] > git symbolic-ref --short HEAD [8ms]
[2022-05-04T16:19:09.618Z] fatal: ref HEAD is not a symbolic ref
[2022-05-04T16:19:09.623Z] > git rev-parse HEAD [1ms]
[2022-05-04T16:19:09.631Z] > git config --get commit.template [14ms]
[2022-05-04T16:19:09.632Z] > git for-each-ref --sort -committerdate --format %(refname) %(objectname) %(*objectname) [6ms]
[2022-05-04T16:19:09.632Z] > git remote --verbose [2ms]
[2022-05-04T16:19:09.640Z] > git config --get commit.template [2ms]
[2022-05-07T20:39:15.860Z] > git symbolic-ref --short HEAD [2ms]
[2022-05-07T20:39:15.867Z] > git for-each-ref --format=%(refname)%00%(upstream:short)%00%(objectname)%00%(upstream:track) refs/heads/main refs/remotes/main [3ms]
[2022-05-07T20:39:15.873Z] > git for-each-ref --sort -committerdate --format %(refname) %(objectname) %(*objectname) [3ms]
[2022-05-07T20:39:15.878Z] > git remote --verbose [5ms]
[2022-05-07T20:39:15.884Z] > git config --get commit.template [1ms]
[2022-05-07T20:39:15.896Z] > git ls-files --stage -- /home/jack/Enso/makefile [1ms]
[2022-05-07T20:39:15.900Z] > git cat-file -s aa078603cde4b160815aad72ee1aec82349681e6 [1ms]
