[2022-05-02T22:16:24.516Z] Validating found git in: git
[2022-05-02T22:16:24.547Z] Using git 2.36.0 from git
[2022-05-02T22:16:24.567Z] > git rev-parse --git-dir [1ms]
[2022-05-02T22:16:24.577Z] Open repository: /home/jack/Enso
[2022-05-02T22:16:24.694Z] > git symbolic-ref --short HEAD [2ms]
[2022-05-02T22:16:24.732Z] > git for-each-ref --format=%(refname)%00%(upstream:short)%00%(objectname)%00%(upstream:track) refs/heads/main refs/remotes/main [32ms]
[2022-05-02T22:16:24.743Z] > git for-each-ref --sort -committerdate --format %(refname) %(objectname) %(*objectname) [6ms]
[2022-05-02T22:16:24.745Z] > git remote --verbose [4ms]
[2022-05-02T22:16:24.754Z] > git config --get commit.template [1ms]
[2022-05-02T22:16:24.974Z] > git ls-files --stage -- /home/jack/Enso/makefile [5ms]
[2022-05-02T22:16:24.984Z] > git cat-file -s 24e0afff74fc8c2b05d4ec27b15aeaabb6681ace [6ms]
[2022-05-02T22:16:25.260Z] > git rev-parse --git-dir [1ms]
[2022-05-02T22:16:25.261Z] Open repository: /home/jack/Enso/sysroot/Files/Wallpapers
[2022-05-02T22:16:25.283Z] > git symbolic-ref --short HEAD [5ms]
[2022-05-02T22:16:25.283Z] fatal: ref HEAD is not a symbolic ref
[2022-05-02T22:16:25.289Z] > git rev-parse HEAD [1ms]
[2022-05-02T22:16:25.297Z] > git rev-parse --git-dir [15ms]
[2022-05-02T22:16:25.298Z] Open repository: /home/jack/Enso/manual
[2022-05-02T22:16:25.310Z] > git remote --verbose [14ms]
[2022-05-02T22:16:25.310Z] > git for-each-ref --sort -committerdate --format %(refname) %(objectname) %(*objectname) [17ms]
[2022-05-02T22:16:25.317Z] > git symbolic-ref --short HEAD [7ms]
[2022-05-02T22:16:25.317Z] fatal: ref HEAD is not a symbolic ref
[2022-05-02T22:16:25.320Z] > git config --get commit.template [5ms]
[2022-05-02T22:16:25.320Z] > git rev-parse HEAD [1ms]
[2022-05-02T22:16:25.328Z] > git for-each-ref --sort -committerdate --format %(refname) %(objectname) %(*objectname) [4ms]
[2022-05-02T22:16:25.329Z] > git remote --verbose [1ms]
[2022-05-02T22:16:25.335Z] > git config --get commit.template [2ms]
[2022-05-02T22:21:32.202Z] > git symbolic-ref --short HEAD [3ms]
[2022-05-02T22:21:32.207Z] > git for-each-ref --format=%(refname)%00%(upstream:short)%00%(objectname)%00%(upstream:track) refs/heads/main refs/remotes/main [1ms]
[2022-05-02T22:21:32.213Z] > git for-each-ref --sort -committerdate --format %(refname) %(objectname) %(*objectname) [3ms]
[2022-05-02T22:21:32.213Z] > git remote --verbose [1ms]
[2022-05-02T22:21:32.219Z] > git config --get commit.template [2ms]
[2022-05-02T22:21:54.070Z] > git symbolic-ref --short HEAD [1ms]
[2022-05-02T22:21:54.074Z] > git for-each-ref --format=%(refname)%00%(upstream:short)%00%(objectname)%00%(upstream:track) refs/heads/main refs/remotes/main [1ms]
[2022-05-02T22:21:54.079Z] > git for-each-ref --sort -committerdate --format %(refname) %(objectname) %(*objectname) [3ms]
[2022-05-02T22:21:54.079Z] > git remote --verbose [1ms]
[2022-05-02T22:21:54.084Z] > git config --get commit.template [1ms]
[2022-05-02T22:22:07.780Z] > git symbolic-ref --short HEAD [2ms]
[2022-05-02T22:22:07.783Z] > git for-each-ref --format=%(refname)%00%(upstream:short)%00%(objectname)%00%(upstream:track) refs/heads/main refs/remotes/main [1ms]
[2022-05-02T22:22:07.788Z] > git for-each-ref --sort -committerdate --format %(refname) %(objectname) %(*objectname) [2ms]
[2022-05-02T22:22:07.789Z] > git remote --verbose [1ms]
[2022-05-02T22:22:07.794Z] > git config --get commit.template [1ms]
