[2022-05-07T22:25:10.431Z] Validating found git in: git
[2022-05-07T22:25:10.449Z] Using git 2.36.0 from git
[2022-05-07T22:25:10.519Z] > git rev-parse --git-dir [49ms]
[2022-05-07T22:25:10.531Z] Open repository: /home/jack/Enso
[2022-05-07T22:25:10.560Z] > git symbolic-ref --short HEAD [2ms]
[2022-05-07T22:25:10.567Z] > git for-each-ref --format=%(refname)%00%(upstream:short)%00%(objectname)%00%(upstream:track) refs/heads/legacy refs/remotes/legacy [2ms]
[2022-05-07T22:25:10.580Z] > git for-each-ref --sort -committerdate --format %(refname) %(objectname) %(*objectname) [8ms]
[2022-05-07T22:25:10.590Z] > git remote --verbose [11ms]
[2022-05-07T22:25:10.599Z] > git config --get commit.template [3ms]
[2022-05-07T22:25:30.926Z] > git ls-files --stage -- /home/jack/Enso/kernel/archs/Arch.h [2ms]
[2022-05-07T22:25:30.931Z] > git cat-file -s 992c238b77a40f963fc7d34b789aa467afae00b7 [2ms]
[2022-05-07T22:25:36.652Z] > git ls-files --stage -- /home/jack/Enso/kernel/archs/Arch.x86_32.cpp [3ms]
[2022-05-07T22:25:36.657Z] > git cat-file -s e1a57ce22b385436f0744415700a5e496cece26c [2ms]
[2022-05-07T22:26:32.201Z] > git log --format=%H%n%aN%n%aE%n%at%n%ct%n%P%n%B -z -n21 -- /home/jack/Enso/kernel/archs/Arch.x86_32.cpp [2ms]
[2022-05-07T22:32:20.566Z] > git symbolic-ref --short HEAD [2ms]
[2022-05-07T22:32:20.572Z] > git for-each-ref --format=%(refname)%00%(upstream:short)%00%(objectname)%00%(upstream:track) refs/heads/legacy refs/remotes/legacy [2ms]
[2022-05-07T22:32:20.581Z] > git for-each-ref --sort -committerdate --format %(refname) %(objectname) %(*objectname) [4ms]
[2022-05-07T22:32:20.582Z] > git remote --verbose [2ms]
[2022-05-07T22:32:20.607Z] > git ls-files --stage -- /home/jack/Enso/kernel/archs/Arch.x86_32.cpp [10ms]
[2022-05-07T22:32:20.616Z] > git config --get commit.template [10ms]
[2022-05-07T22:32:20.623Z] > git cat-file -s e1a57ce22b385436f0744415700a5e496cece26c [8ms]
[2022-05-07T22:32:34.925Z] > git rev-parse --git-dir [1ms]
[2022-05-07T22:32:34.927Z] Open repository: /home/jack/Enso/manual
[2022-05-07T22:32:34.939Z] > git symbolic-ref --short HEAD [2ms]
[2022-05-07T22:32:34.944Z] > git for-each-ref --format=%(refname)%00%(upstream:short)%00%(objectname)%00%(upstream:track) refs/heads/master refs/remotes/master [1ms]
[2022-05-07T22:32:34.953Z] > git for-each-ref --sort -committerdate --format %(refname) %(objectname) %(*objectname) [5ms]
[2022-05-07T22:32:34.954Z] > git remote --verbose [2ms]
[2022-05-07T22:32:34.960Z] > git config --get commit.template [1ms]
[2022-05-07T22:32:37.103Z] > git rev-parse --git-dir [1ms]
[2022-05-07T22:32:37.105Z] Open repository: /home/jack/Enso/sysroot/Files/Wallpapers
[2022-05-07T22:32:37.117Z] > git symbolic-ref --short HEAD [2ms]
[2022-05-07T22:32:37.123Z] > git for-each-ref --format=%(refname)%00%(upstream:short)%00%(objectname)%00%(upstream:track) refs/heads/master refs/remotes/master [2ms]
[2022-05-07T22:32:37.133Z] > git for-each-ref --sort -committerdate --format %(refname) %(objectname) %(*objectname) [6ms]
[2022-05-07T22:32:37.135Z] > git remote --verbose [2ms]
[2022-05-07T22:32:37.141Z] > git config --get commit.template [2ms]
[2022-05-07T22:32:42.231Z] > git symbolic-ref --short HEAD [2ms]
[2022-05-07T22:32:42.242Z] > git for-each-ref --format=%(refname)%00%(upstream:short)%00%(objectname)%00%(upstream:track) refs/heads/main refs/remotes/main [7ms]
[2022-05-07T22:32:42.256Z] > git for-each-ref --sort -committerdate --format %(refname) %(objectname) %(*objectname) [9ms]
[2022-05-07T22:32:42.256Z] > git ls-files --stage -- /home/jack/Enso/kernel/archs/Arch.x86_32.cpp [15ms]
[2022-05-07T22:32:42.266Z] > git remote --verbose [11ms]
[2022-05-07T22:32:42.278Z] > git cat-file -s e1a57ce22b385436f0744415700a5e496cece26c [13ms]
[2022-05-07T22:32:42.279Z] > git config --get commit.template [6ms]
[2022-05-07T22:32:42.281Z] > git symbolic-ref --short HEAD [3ms]
[2022-05-07T22:32:42.288Z] > git for-each-ref --format=%(refname)%00%(upstream:short)%00%(objectname)%00%(upstream:track) refs/heads/legacy refs/remotes/legacy [2ms]
[2022-05-07T22:32:42.301Z] > git for-each-ref --sort -committerdate --format %(refname) %(objectname) %(*objectname) [9ms]
[2022-05-07T22:32:42.305Z] > git remote --verbose [8ms]
[2022-05-07T22:32:42.311Z] > git config --get commit.template [2ms]
[2022-05-07T22:33:01.543Z] > git rev-list --count 89db30b676b80b3c9f4671e263dfcaddc5a07427.. -- /home/jack/Enso/kernel/archs/Arch.x86_32.cpp [4ms]
[2022-05-07T22:33:01.558Z] > git log --format=%H%n%aN%n%aE%n%at%n%ct%n%P%n%B -z -n5 -- /home/jack/Enso/kernel/archs/Arch.x86_32.cpp [6ms]
[2022-05-07T22:33:01.607Z] > git symbolic-ref --short HEAD [1ms]
[2022-05-07T22:33:01.613Z] > git for-each-ref --format=%(refname)%00%(upstream:short)%00%(objectname)%00%(upstream:track) refs/heads/legacy refs/remotes/legacy [2ms]
[2022-05-07T22:33:01.625Z] > git for-each-ref --sort -committerdate --format %(refname) %(objectname) %(*objectname) [8ms]
[2022-05-07T22:33:01.625Z] > git remote --verbose [2ms]
[2022-05-07T22:33:01.637Z] > git config --get commit.template [3ms]
[2022-05-07T22:33:05.453Z] > git symbolic-ref --short HEAD [1ms]
[2022-05-07T22:33:05.453Z] fatal: ref HEAD is not a symbolic ref
[2022-05-07T22:33:05.460Z] > git rev-parse HEAD [1ms]
[2022-05-07T22:33:05.467Z] > git for-each-ref --sort -committerdate --format %(refname) %(objectname) %(*objectname) [4ms]
[2022-05-07T22:33:05.468Z] > git remote --verbose [3ms]
[2022-05-07T22:33:05.476Z] > git config --get commit.template [2ms]
[2022-05-07T22:33:06.353Z] > git symbolic-ref --short HEAD [2ms]
[2022-05-07T22:33:06.353Z] fatal: ref HEAD is not a symbolic ref
[2022-05-07T22:33:06.358Z] > git rev-parse HEAD [2ms]
[2022-05-07T22:33:06.364Z] > git for-each-ref --sort -committerdate --format %(refname) %(objectname) %(*objectname) [3ms]
[2022-05-07T22:33:06.365Z] > git remote --verbose [2ms]
[2022-05-07T22:33:06.370Z] > git config --get commit.template [2ms]
[2022-05-07T22:33:07.093Z] > git symbolic-ref --short HEAD [1ms]
[2022-05-07T22:33:07.098Z] > git for-each-ref --format=%(refname)%00%(upstream:short)%00%(objectname)%00%(upstream:track) refs/heads/legacy refs/remotes/legacy [1ms]
[2022-05-07T22:33:07.107Z] > git for-each-ref --sort -committerdate --format %(refname) %(objectname) %(*objectname) [5ms]
[2022-05-07T22:33:07.107Z] > git remote --verbose [1ms]
[2022-05-07T22:33:07.115Z] > git config --get commit.template [2ms]
[2022-05-07T22:33:16.784Z] > git symbolic-ref --short HEAD [6ms]
[2022-05-07T22:33:16.784Z] fatal: ref HEAD is not a symbolic ref
[2022-05-07T22:33:16.790Z] > git symbolic-ref --short HEAD [7ms]
[2022-05-07T22:33:16.790Z] fatal: ref HEAD is not a symbolic ref
[2022-05-07T22:33:16.795Z] > git rev-parse HEAD [6ms]
[2022-05-07T22:33:16.804Z] > git for-each-ref --sort -committerdate --format %(refname) %(objectname) %(*objectname) [6ms]
[2022-05-07T22:33:16.804Z] > git rev-parse HEAD [10ms]
[2022-05-07T22:33:16.814Z] > git for-each-ref --sort -committerdate --format %(refname) %(objectname) %(*objectname) [5ms]
[2022-05-07T22:33:16.815Z] > git remote --verbose [12ms]
[2022-05-07T22:33:16.819Z] > git remote --verbose [5ms]
[2022-05-07T22:33:16.825Z] > git config --get commit.template [2ms]
[2022-05-07T22:33:16.825Z] > git config --get commit.template [6ms]
[2022-05-07T22:33:36.441Z] > git symbolic-ref --short HEAD [1ms]
[2022-05-07T22:33:36.446Z] > git for-each-ref --format=%(refname)%00%(upstream:short)%00%(objectname)%00%(upstream:track) refs/heads/legacy refs/remotes/legacy [1ms]
[2022-05-07T22:33:36.454Z] > git for-each-ref --sort -committerdate --format %(refname) %(objectname) %(*objectname) [4ms]
[2022-05-07T22:33:36.455Z] > git remote --verbose [2ms]
[2022-05-07T22:33:36.460Z] > git config --get commit.template [1ms]
[2022-05-07T22:34:49.829Z] > git symbolic-ref --short HEAD [3ms]
[2022-05-07T22:34:49.835Z] > git for-each-ref --format=%(refname)%00%(upstream:short)%00%(objectname)%00%(upstream:track) refs/heads/legacy refs/remotes/legacy [2ms]
[2022-05-07T22:34:49.846Z] > git for-each-ref --sort -committerdate --format %(refname) %(objectname) %(*objectname) [8ms]
[2022-05-07T22:34:49.848Z] > git remote --verbose [3ms]
[2022-05-07T22:34:49.856Z] > git config --get commit.template [2ms]
[2022-05-07T22:34:50.175Z] > git ls-files --stage -- /home/jack/Enso/meta/utils/test-driver.py [2ms]
[2022-05-07T22:34:50.180Z] > git cat-file -s 26deb2a3fa5c8907abbf31762a7c36622552b0d0 [2ms]
[2022-05-07T22:34:54.875Z] > git symbolic-ref --short HEAD [1ms]
[2022-05-07T22:34:54.880Z] > git for-each-ref --format=%(refname)%00%(upstream:short)%00%(objectname)%00%(upstream:track) refs/heads/legacy refs/remotes/legacy [1ms]
[2022-05-07T22:34:54.887Z] > git for-each-ref --sort -committerdate --format %(refname) %(objectname) %(*objectname) [4ms]
[2022-05-07T22:34:54.889Z] > git remote --verbose [2ms]
[2022-05-07T22:34:54.895Z] > git config --get commit.template [1ms]
[2022-05-07T22:35:01.813Z] > git ls-files --stage -- /home/jack/Enso/meta/utils/kmap-compiler.py [2ms]
[2022-05-07T22:35:01.819Z] > git cat-file -s d1ecbb5363e5fdbf539c91f95e50acb91f2379d8 [2ms]
[2022-05-07T22:35:03.271Z] > git ls-files --stage -- /home/jack/Enso/meta/utils/include-contrib.py [3ms]
[2022-05-07T22:35:03.281Z] > git cat-file -s 6ab138d1f316e9d5f0c00475652a6aaa581219c1 [3ms]
[2022-05-07T22:35:04.201Z] > git ls-files --stage -- /home/jack/Enso/meta/utils/font-generator.html [5ms]
[2022-05-07T22:35:04.217Z] > git cat-file -s 5b7796b06f96def48499b0da872ea8f1c5023c76 [4ms]
[2022-05-07T22:35:05.155Z] > git ls-files --stage -- /home/jack/Enso/meta/utils/include-contrib.py [2ms]
[2022-05-07T22:35:05.161Z] > git cat-file -s 6ab138d1f316e9d5f0c00475652a6aaa581219c1 [1ms]
[2022-05-07T22:35:31.206Z] > git log --format=%H%n%aN%n%aE%n%at%n%ct%n%P%n%B -z -n21 -- /home/jack/Enso/meta/utils/include-contrib.py [2ms]
