[2022-05-02T20:19:16.425Z] Validating found git in: git
[2022-05-02T20:19:16.442Z] Using git 2.36.0 from git
[2022-05-02T20:19:16.462Z] > git rev-parse --git-dir [1ms]
[2022-05-02T20:19:16.470Z] Open repository: /home/jack/Enso
[2022-05-02T20:19:16.500Z] > git symbolic-ref --short HEAD [2ms]
[2022-05-02T20:19:16.508Z] > git for-each-ref --format=%(refname)%00%(upstream:short)%00%(objectname)%00%(upstream:track) refs/heads/main refs/remotes/main [2ms]
[2022-05-02T20:19:16.547Z] > git remote --verbose [25ms]
[2022-05-02T20:19:16.548Z] > git for-each-ref --sort -committerdate --format %(refname) %(objectname) %(*objectname) [35ms]
[2022-05-02T20:19:16.561Z] > git config --get commit.template [1ms]
[2022-05-02T20:19:17.066Z] > git rev-parse --git-dir [2ms]
[2022-05-02T20:19:17.068Z] Open repository: /home/jack/Enso/sysroot/Files/Wallpapers
[2022-05-02T20:19:17.090Z] > git symbolic-ref --short HEAD [6ms]
[2022-05-02T20:19:17.090Z] fatal: ref HEAD is not a symbolic ref
[2022-05-02T20:19:17.098Z] > git rev-parse --git-dir [9ms]
[2022-05-02T20:19:17.101Z] Open repository: /home/jack/Enso/manual
[2022-05-02T20:19:17.107Z] > git rev-parse HEAD [11ms]
[2022-05-02T20:19:17.125Z] > git for-each-ref --sort -committerdate --format %(refname) %(objectname) %(*objectname) [13ms]
[2022-05-02T20:19:17.126Z] > git remote --verbose [9ms]
[2022-05-02T20:19:17.133Z] > git symbolic-ref --short HEAD [8ms]
[2022-05-02T20:19:17.133Z] fatal: ref HEAD is not a symbolic ref
[2022-05-02T20:19:17.140Z] > git config --get commit.template [7ms]
[2022-05-02T20:19:17.142Z] > git rev-parse HEAD [3ms]
[2022-05-02T20:19:17.154Z] > git for-each-ref --sort -committerdate --format %(refname) %(objectname) %(*objectname) [6ms]
[2022-05-02T20:19:17.154Z] > git remote --verbose [1ms]
[2022-05-02T20:19:17.161Z] > git config --get commit.template [1ms]
[2022-05-02T20:19:20.026Z] > git symbolic-ref --short HEAD [1ms]
[2022-05-02T20:19:20.030Z] > git for-each-ref --format=%(refname)%00%(upstream:short)%00%(objectname)%00%(upstream:track) refs/heads/main refs/remotes/main [1ms]
[2022-05-02T20:19:20.039Z] > git for-each-ref --sort -committerdate --format %(refname) %(objectname) %(*objectname) [5ms]
[2022-05-02T20:19:20.039Z] > git remote --verbose [1ms]
[2022-05-02T20:19:20.045Z] > git config --get commit.template [1ms]
[2022-05-02T20:19:25.066Z] > git symbolic-ref --short HEAD [2ms]
[2022-05-02T20:19:25.072Z] > git for-each-ref --format=%(refname)%00%(upstream:short)%00%(objectname)%00%(upstream:track) refs/heads/main refs/remotes/main [1ms]
[2022-05-02T20:19:25.080Z] > git for-each-ref --sort -committerdate --format %(refname) %(objectname) %(*objectname) [4ms]
[2022-05-02T20:19:25.080Z] > git remote --verbose [1ms]
[2022-05-02T20:19:25.088Z] > git config --get commit.template [1ms]
[2022-05-02T20:19:30.107Z] > git symbolic-ref --short HEAD [1ms]
[2022-05-02T20:19:30.112Z] > git for-each-ref --format=%(refname)%00%(upstream:short)%00%(objectname)%00%(upstream:track) refs/heads/main refs/remotes/main [1ms]
[2022-05-02T20:19:30.122Z] > git for-each-ref --sort -committerdate --format %(refname) %(objectname) %(*objectname) [5ms]
[2022-05-02T20:19:30.122Z] > git remote --verbose [1ms]
[2022-05-02T20:19:30.129Z] > git config --get commit.template [1ms]
[2022-05-02T20:19:35.149Z] > git symbolic-ref --short HEAD [1ms]
[2022-05-02T20:19:35.155Z] > git for-each-ref --format=%(refname)%00%(upstream:short)%00%(objectname)%00%(upstream:track) refs/heads/main refs/remotes/main [1ms]
[2022-05-02T20:19:35.163Z] > git for-each-ref --sort -committerdate --format %(refname) %(objectname) %(*objectname) [4ms]
[2022-05-02T20:19:35.163Z] > git remote --verbose [1ms]
[2022-05-02T20:19:35.171Z] > git config --get commit.template [1ms]
[2022-05-02T20:19:45.124Z] > git symbolic-ref --short HEAD [2ms]
[2022-05-02T20:19:45.129Z] > git for-each-ref --format=%(refname)%00%(upstream:short)%00%(objectname)%00%(upstream:track) refs/heads/main refs/remotes/main [1ms]
[2022-05-02T20:19:45.139Z] > git for-each-ref --sort -committerdate --format %(refname) %(objectname) %(*objectname) [5ms]
[2022-05-02T20:19:45.140Z] > git remote --verbose [2ms]
[2022-05-02T20:19:45.147Z] > git config --get commit.template [1ms]
[2022-05-02T20:19:50.164Z] > git symbolic-ref --short HEAD [1ms]
[2022-05-02T20:19:50.169Z] > git for-each-ref --format=%(refname)%00%(upstream:short)%00%(objectname)%00%(upstream:track) refs/heads/main refs/remotes/main [1ms]
[2022-05-02T20:19:50.176Z] > git for-each-ref --sort -committerdate --format %(refname) %(objectname) %(*objectname) [4ms]
[2022-05-02T20:19:50.176Z] > git remote --verbose [1ms]
[2022-05-02T20:19:50.182Z] > git config --get commit.template [1ms]
[2022-05-02T20:19:54.741Z] > git ls-files --stage -- /home/jack/Enso/makefile [2ms]
[2022-05-02T20:19:54.746Z] > git cat-file -s 24e0afff74fc8c2b05d4ec27b15aeaabb6681ace [1ms]
[2022-05-02T20:19:55.200Z] > git symbolic-ref --short HEAD [1ms]
[2022-05-02T20:19:55.205Z] > git for-each-ref --format=%(refname)%00%(upstream:short)%00%(objectname)%00%(upstream:track) refs/heads/main refs/remotes/main [2ms]
[2022-05-02T20:19:55.214Z] > git for-each-ref --sort -committerdate --format %(refname) %(objectname) %(*objectname) [5ms]
[2022-05-02T20:19:55.215Z] > git remote --verbose [2ms]
[2022-05-02T20:19:55.220Z] > git config --get commit.template [1ms]
[2022-05-02T20:20:00.239Z] > git symbolic-ref --short HEAD [1ms]
[2022-05-02T20:20:00.245Z] > git for-each-ref --format=%(refname)%00%(upstream:short)%00%(objectname)%00%(upstream:track) refs/heads/main refs/remotes/main [2ms]
[2022-05-02T20:20:00.275Z] > git for-each-ref --sort -committerdate --format %(refname) %(objectname) %(*objectname) [5ms]
[2022-05-02T20:20:00.276Z] > git remote --verbose [2ms]
[2022-05-02T20:20:00.283Z] > git config --get commit.template [1ms]
[2022-05-02T20:33:31.884Z] > git ls-files --stage -- /home/jack/Enso/makefile [5ms]
[2022-05-02T20:33:31.889Z] > git symbolic-ref --short HEAD [6ms]
[2022-05-02T20:33:31.893Z] > git cat-file -s 24e0afff74fc8c2b05d4ec27b15aeaabb6681ace [4ms]
[2022-05-02T20:33:31.894Z] > git for-each-ref --format=%(refname)%00%(upstream:short)%00%(objectname)%00%(upstream:track) refs/heads/main refs/remotes/main [1ms]
[2022-05-02T20:33:31.903Z] > git for-each-ref --sort -committerdate --format %(refname) %(objectname) %(*objectname) [5ms]
[2022-05-02T20:33:31.904Z] > git remote --verbose [2ms]
[2022-05-02T20:33:31.914Z] > git config --get commit.template [5ms]
[2022-05-02T20:33:36.980Z] > git symbolic-ref --short HEAD [4ms]
[2022-05-02T20:33:36.999Z] > git for-each-ref --format=%(refname)%00%(upstream:short)%00%(objectname)%00%(upstream:track) refs/heads/main refs/remotes/main [4ms]
[2022-05-02T20:33:37.033Z] > git for-each-ref --sort -committerdate --format %(refname) %(objectname) %(*objectname) [14ms]
[2022-05-02T20:33:37.035Z] > git remote --verbose [4ms]
[2022-05-02T20:33:37.050Z] > git config --get commit.template [2ms]
[2022-05-02T20:34:55.863Z] > git ls-files --stage -- /home/jack/Enso/sysroot/Configs/appearance/wallpaper.json [2ms]
[2022-05-02T20:34:55.871Z] > git cat-file -s b4cf81e57c27a9c3fdf88a29348ef9b1b299bff0 [3ms]
[2022-05-02T20:35:03.454Z] > git symbolic-ref --short HEAD [2ms]
[2022-05-02T20:35:03.462Z] > git for-each-ref --format=%(refname)%00%(upstream:short)%00%(objectname)%00%(upstream:track) refs/heads/main refs/remotes/main [2ms]
[2022-05-02T20:35:03.476Z] > git for-each-ref --sort -committerdate --format %(refname) %(objectname) %(*objectname) [7ms]
[2022-05-02T20:35:03.476Z] > git remote --verbose [1ms]
[2022-05-02T20:35:03.488Z] > git config --get commit.template [2ms]
[2022-05-02T20:35:22.519Z] > git ls-files --stage -- /home/jack/Enso/sysroot/Configs/file-manager/bookmarks.json [3ms]
[2022-05-02T20:35:22.529Z] > git cat-file -s 3b789f6ceda7669b625f7b2b641a1053a45ab8a2 [3ms]
