[2022-05-02T21:41:51.773Z] Validating found git in: git
[2022-05-02T21:41:51.793Z] Using git 2.36.0 from git
[2022-05-02T21:41:51.836Z] > git rev-parse --git-dir [21ms]
[2022-05-02T21:41:51.842Z] Open repository: /home/jack/Enso
[2022-05-02T21:41:51.868Z] > git symbolic-ref --short HEAD [6ms]
[2022-05-02T21:41:51.888Z] > git for-each-ref --format=%(refname)%00%(upstream:short)%00%(objectname)%00%(upstream:track) refs/heads/main refs/remotes/main [10ms]
[2022-05-02T21:41:51.895Z] > git for-each-ref --sort -committerdate --format %(refname) %(objectname) %(*objectname) [4ms]
[2022-05-02T21:41:51.896Z] > git remote --verbose [2ms]
[2022-05-02T21:41:51.905Z] > git config --get commit.template [2ms]
[2022-05-02T21:41:53.764Z] > git symbolic-ref --short HEAD [2ms]
[2022-05-02T21:41:53.769Z] > git for-each-ref --format=%(refname)%00%(upstream:short)%00%(objectname)%00%(upstream:track) refs/heads/main refs/remotes/main [1ms]
[2022-05-02T21:41:53.778Z] > git for-each-ref --sort -committerdate --format %(refname) %(objectname) %(*objectname) [5ms]
[2022-05-02T21:41:53.779Z] > git remote --verbose [3ms]
[2022-05-02T21:41:53.787Z] > git config --get commit.template [2ms]
[2022-05-02T21:41:54.574Z] > git ls-files --stage -- /home/jack/Enso/makefile [1ms]
[2022-05-02T21:41:54.581Z] > git cat-file -s 24e0afff74fc8c2b05d4ec27b15aeaabb6681ace [0ms]
[2022-05-02T21:42:02.366Z] > git symbolic-ref --short HEAD [3ms]
[2022-05-02T21:42:02.372Z] > git for-each-ref --format=%(refname)%00%(upstream:short)%00%(objectname)%00%(upstream:track) refs/heads/main refs/remotes/main [3ms]
[2022-05-02T21:42:02.380Z] > git for-each-ref --sort -committerdate --format %(refname) %(objectname) %(*objectname) [6ms]
[2022-05-02T21:42:02.383Z] > git remote --verbose [3ms]
[2022-05-02T21:42:02.391Z] > git config --get commit.template [2ms]
[2022-05-02T21:49:25.418Z] > git symbolic-ref --short HEAD [1ms]
[2022-05-02T21:49:25.425Z] > git for-each-ref --format=%(refname)%00%(upstream:short)%00%(objectname)%00%(upstream:track) refs/heads/main refs/remotes/main [2ms]
[2022-05-02T21:49:25.433Z] > git for-each-ref --sort -committerdate --format %(refname) %(objectname) %(*objectname) [4ms]
[2022-05-02T21:49:25.434Z] > git remote --verbose [1ms]
[2022-05-02T21:49:25.447Z] > git config --get commit.template [5ms]
[2022-05-02T21:49:30.466Z] > git symbolic-ref --short HEAD [4ms]
[2022-05-02T21:49:30.472Z] > git for-each-ref --format=%(refname)%00%(upstream:short)%00%(objectname)%00%(upstream:track) refs/heads/main refs/remotes/main [4ms]
[2022-05-02T21:49:30.480Z] > git remote --verbose [1ms]
[2022-05-02T21:49:30.482Z] > git for-each-ref --sort -committerdate --format %(refname) %(objectname) %(*objectname) [8ms]
[2022-05-02T21:49:30.491Z] > git config --get commit.template [6ms]
[2022-05-02T21:52:52.004Z] > git symbolic-ref --short HEAD [3ms]
[2022-05-02T21:52:52.015Z] > git for-each-ref --format=%(refname)%00%(upstream:short)%00%(objectname)%00%(upstream:track) refs/heads/main refs/remotes/main [4ms]
[2022-05-02T21:52:52.031Z] > git remote --verbose [2ms]
[2022-05-02T21:52:52.031Z] > git for-each-ref --sort -committerdate --format %(refname) %(objectname) %(*objectname) [6ms]
[2022-05-02T21:52:52.045Z] > git config --get commit.template [3ms]
[2022-05-02T21:52:57.067Z] > git symbolic-ref --short HEAD [2ms]
[2022-05-02T21:52:57.072Z] > git for-each-ref --format=%(refname)%00%(upstream:short)%00%(objectname)%00%(upstream:track) refs/heads/main refs/remotes/main [2ms]
[2022-05-02T21:52:57.081Z] > git for-each-ref --sort -committerdate --format %(refname) %(objectname) %(*objectname) [5ms]
[2022-05-02T21:52:57.082Z] > git remote --verbose [3ms]
[2022-05-02T21:52:57.091Z] > git config --get commit.template [3ms]
[2022-05-02T21:53:10.773Z] > git symbolic-ref --short HEAD [2ms]
[2022-05-02T21:53:10.778Z] > git for-each-ref --format=%(refname)%00%(upstream:short)%00%(objectname)%00%(upstream:track) refs/heads/main refs/remotes/main [2ms]
[2022-05-02T21:53:10.786Z] > git for-each-ref --sort -committerdate --format %(refname) %(objectname) %(*objectname) [5ms]
[2022-05-02T21:53:10.786Z] > git remote --verbose [2ms]
[2022-05-02T21:53:10.794Z] > git config --get commit.template [3ms]
[2022-05-02T21:53:18.582Z] > git symbolic-ref --short HEAD [4ms]
[2022-05-02T21:53:18.587Z] > git for-each-ref --format=%(refname)%00%(upstream:short)%00%(objectname)%00%(upstream:track) refs/heads/main refs/remotes/main [3ms]
[2022-05-02T21:53:18.595Z] > git for-each-ref --sort -committerdate --format %(refname) %(objectname) %(*objectname) [5ms]
[2022-05-02T21:53:18.596Z] > git remote --verbose [2ms]
[2022-05-02T21:53:18.606Z] > git config --get commit.template [3ms]
[2022-05-02T21:53:23.620Z] > git symbolic-ref --short HEAD [1ms]
[2022-05-02T21:53:23.627Z] > git for-each-ref --format=%(refname)%00%(upstream:short)%00%(objectname)%00%(upstream:track) refs/heads/main refs/remotes/main [2ms]
[2022-05-02T21:53:23.635Z] > git for-each-ref --sort -committerdate --format %(refname) %(objectname) %(*objectname) [4ms]
[2022-05-02T21:53:23.636Z] > git remote --verbose [1ms]
[2022-05-02T21:53:23.642Z] > git config --get commit.template [2ms]
[2022-05-02T21:53:31.387Z] > git symbolic-ref --short HEAD [2ms]
[2022-05-02T21:53:31.394Z] > git for-each-ref --format=%(refname)%00%(upstream:short)%00%(objectname)%00%(upstream:track) refs/heads/main refs/remotes/main [2ms]
[2022-05-02T21:53:31.401Z] > git for-each-ref --sort -committerdate --format %(refname) %(objectname) %(*objectname) [4ms]
[2022-05-02T21:53:31.402Z] > git remote --verbose [2ms]
[2022-05-02T21:53:31.409Z] > git config --get commit.template [3ms]
[2022-05-02T21:53:37.909Z] > git symbolic-ref --short HEAD [3ms]
[2022-05-02T21:53:37.915Z] > git for-each-ref --format=%(refname)%00%(upstream:short)%00%(objectname)%00%(upstream:track) refs/heads/main refs/remotes/main [4ms]
[2022-05-02T21:53:37.921Z] > git for-each-ref --sort -committerdate --format %(refname) %(objectname) %(*objectname) [4ms]
[2022-05-02T21:53:37.923Z] > git remote --verbose [3ms]
[2022-05-02T21:53:37.930Z] > git config --get commit.template [3ms]
[2022-05-02T21:53:44.011Z] > git symbolic-ref --short HEAD [4ms]
[2022-05-02T21:53:44.018Z] > git for-each-ref --format=%(refname)%00%(upstream:short)%00%(objectname)%00%(upstream:track) refs/heads/main refs/remotes/main [5ms]
[2022-05-02T21:53:44.026Z] > git for-each-ref --sort -committerdate --format %(refname) %(objectname) %(*objectname) [5ms]
[2022-05-02T21:53:44.030Z] > git remote --verbose [4ms]
[2022-05-02T21:53:44.039Z] > git config --get commit.template [2ms]
[2022-05-02T21:53:59.135Z] > git symbolic-ref --short HEAD [2ms]
[2022-05-02T21:53:59.141Z] > git for-each-ref --format=%(refname)%00%(upstream:short)%00%(objectname)%00%(upstream:track) refs/heads/main refs/remotes/main [3ms]
[2022-05-02T21:53:59.153Z] > git for-each-ref --sort -committerdate --format %(refname) %(objectname) %(*objectname) [9ms]
[2022-05-02T21:53:59.154Z] > git remote --verbose [2ms]
[2022-05-02T21:53:59.162Z] > git config --get commit.template [3ms]
[2022-05-02T21:54:04.178Z] > git symbolic-ref --short HEAD [3ms]
[2022-05-02T21:54:04.183Z] > git for-each-ref --format=%(refname)%00%(upstream:short)%00%(objectname)%00%(upstream:track) refs/heads/main refs/remotes/main [3ms]
[2022-05-02T21:54:04.190Z] > git remote --verbose [2ms]
[2022-05-02T21:54:04.191Z] > git for-each-ref --sort -committerdate --format %(refname) %(objectname) %(*objectname) [6ms]
[2022-05-02T21:54:04.197Z] > git config --get commit.template [3ms]
[2022-05-02T21:54:09.213Z] > git symbolic-ref --short HEAD [3ms]
[2022-05-02T21:54:09.219Z] > git for-each-ref --format=%(refname)%00%(upstream:short)%00%(objectname)%00%(upstream:track) refs/heads/main refs/remotes/main [4ms]
[2022-05-02T21:54:09.225Z] > git for-each-ref --sort -committerdate --format %(refname) %(objectname) %(*objectname) [3ms]
[2022-05-02T21:54:09.227Z] > git remote --verbose [3ms]
[2022-05-02T21:54:09.233Z] > git config --get commit.template [3ms]
[2022-05-02T21:54:16.126Z] > git symbolic-ref --short HEAD [3ms]
[2022-05-02T21:54:16.131Z] > git for-each-ref --format=%(refname)%00%(upstream:short)%00%(objectname)%00%(upstream:track) refs/heads/main refs/remotes/main [3ms]
[2022-05-02T21:54:16.137Z] > git for-each-ref --sort -committerdate --format %(refname) %(objectname) %(*objectname) [3ms]
[2022-05-02T21:54:16.139Z] > git remote --verbose [2ms]
[2022-05-02T21:54:16.147Z] > git config --get commit.template [3ms]
[2022-05-02T21:54:35.449Z] > git symbolic-ref --short HEAD [3ms]
[2022-05-02T21:54:35.454Z] > git for-each-ref --format=%(refname)%00%(upstream:short)%00%(objectname)%00%(upstream:track) refs/heads/main refs/remotes/main [3ms]
[2022-05-02T21:54:35.464Z] > git remote --verbose [2ms]
[2022-05-02T21:54:35.464Z] > git for-each-ref --sort -committerdate --format %(refname) %(objectname) %(*objectname) [6ms]
[2022-05-02T21:54:35.472Z] > git config --get commit.template [3ms]
[2022-05-02T21:54:40.487Z] > git symbolic-ref --short HEAD [2ms]
[2022-05-02T21:54:40.493Z] > git for-each-ref --format=%(refname)%00%(upstream:short)%00%(objectname)%00%(upstream:track) refs/heads/main refs/remotes/main [3ms]
[2022-05-02T21:54:40.499Z] > git for-each-ref --sort -committerdate --format %(refname) %(objectname) %(*objectname) [3ms]
[2022-05-02T21:54:40.500Z] > git remote --verbose [2ms]
[2022-05-02T21:54:40.506Z] > git config --get commit.template [3ms]
[2022-05-02T21:54:45.523Z] > git symbolic-ref --short HEAD [3ms]
[2022-05-02T21:54:45.529Z] > git for-each-ref --format=%(refname)%00%(upstream:short)%00%(objectname)%00%(upstream:track) refs/heads/main refs/remotes/main [3ms]
[2022-05-02T21:54:45.537Z] > git for-each-ref --sort -committerdate --format %(refname) %(objectname) %(*objectname) [4ms]
[2022-05-02T21:54:45.538Z] > git remote --verbose [2ms]
[2022-05-02T21:54:45.546Z] > git config --get commit.template [0ms]
[2022-05-02T21:54:50.564Z] > git symbolic-ref --short HEAD [3ms]
[2022-05-02T21:54:50.570Z] > git for-each-ref --format=%(refname)%00%(upstream:short)%00%(objectname)%00%(upstream:track) refs/heads/main refs/remotes/main [3ms]
[2022-05-02T21:54:50.576Z] > git for-each-ref --sort -committerdate --format %(refname) %(objectname) %(*objectname) [3ms]
[2022-05-02T21:54:50.579Z] > git remote --verbose [3ms]
[2022-05-02T21:54:50.584Z] > git config --get commit.template [2ms]
[2022-05-02T21:54:55.600Z] > git symbolic-ref --short HEAD [3ms]
[2022-05-02T21:54:55.606Z] > git for-each-ref --format=%(refname)%00%(upstream:short)%00%(objectname)%00%(upstream:track) refs/heads/main refs/remotes/main [0ms]
[2022-05-02T21:54:55.612Z] > git for-each-ref --sort -committerdate --format %(refname) %(objectname) %(*objectname) [4ms]
[2022-05-02T21:54:55.614Z] > git remote --verbose [2ms]
[2022-05-02T21:54:55.621Z] > git config --get commit.template [2ms]
[2022-05-02T21:55:00.635Z] > git symbolic-ref --short HEAD [3ms]
[2022-05-02T21:55:00.640Z] > git for-each-ref --format=%(refname)%00%(upstream:short)%00%(objectname)%00%(upstream:track) refs/heads/main refs/remotes/main [3ms]
[2022-05-02T21:55:00.647Z] > git for-each-ref --sort -committerdate --format %(refname) %(objectname) %(*objectname) [5ms]
[2022-05-02T21:55:00.649Z] > git remote --verbose [3ms]
[2022-05-02T21:55:00.656Z] > git config --get commit.template [2ms]
[2022-05-02T21:55:05.672Z] > git symbolic-ref --short HEAD [1ms]
[2022-05-02T21:55:05.678Z] > git for-each-ref --format=%(refname)%00%(upstream:short)%00%(objectname)%00%(upstream:track) refs/heads/main refs/remotes/main [4ms]
[2022-05-02T21:55:05.683Z] > git for-each-ref --sort -committerdate --format %(refname) %(objectname) %(*objectname) [3ms]
[2022-05-02T21:55:05.686Z] > git remote --verbose [3ms]
[2022-05-02T21:55:05.692Z] > git config --get commit.template [3ms]
[2022-05-02T21:55:10.707Z] > git symbolic-ref --short HEAD [3ms]
[2022-05-02T21:55:10.713Z] > git for-each-ref --format=%(refname)%00%(upstream:short)%00%(objectname)%00%(upstream:track) refs/heads/main refs/remotes/main [4ms]
[2022-05-02T21:55:10.719Z] > git for-each-ref --sort -committerdate --format %(refname) %(objectname) %(*objectname) [4ms]
[2022-05-02T21:55:10.721Z] > git remote --verbose [3ms]
[2022-05-02T21:55:10.727Z] > git config --get commit.template [3ms]
[2022-05-02T21:55:15.743Z] > git symbolic-ref --short HEAD [3ms]
[2022-05-02T21:55:15.748Z] > git for-each-ref --format=%(refname)%00%(upstream:short)%00%(objectname)%00%(upstream:track) refs/heads/main refs/remotes/main [2ms]
[2022-05-02T21:55:15.756Z] > git remote --verbose [0ms]
[2022-05-02T21:55:15.756Z] > git for-each-ref --sort -committerdate --format %(refname) %(objectname) %(*objectname) [6ms]
[2022-05-02T21:55:15.763Z] > git config --get commit.template [3ms]
[2022-05-02T21:55:20.778Z] > git symbolic-ref --short HEAD [4ms]
[2022-05-02T21:55:20.784Z] > git for-each-ref --format=%(refname)%00%(upstream:short)%00%(objectname)%00%(upstream:track) refs/heads/main refs/remotes/main [4ms]
[2022-05-02T21:55:20.790Z] > git for-each-ref --sort -committerdate --format %(refname) %(objectname) %(*objectname) [3ms]
[2022-05-02T21:55:20.792Z] > git remote --verbose [3ms]
[2022-05-02T21:55:20.799Z] > git config --get commit.template [3ms]
[2022-05-02T21:55:25.814Z] > git symbolic-ref --short HEAD [3ms]
[2022-05-02T21:55:25.819Z] > git for-each-ref --format=%(refname)%00%(upstream:short)%00%(objectname)%00%(upstream:track) refs/heads/main refs/remotes/main [3ms]
[2022-05-02T21:55:25.825Z] > git for-each-ref --sort -committerdate --format %(refname) %(objectname) %(*objectname) [3ms]
[2022-05-02T21:55:25.827Z] > git remote --verbose [3ms]
[2022-05-02T21:55:25.835Z] > git config --get commit.template [1ms]
[2022-05-02T21:55:32.733Z] > git symbolic-ref --short HEAD [6ms]
[2022-05-02T21:55:32.738Z] > git for-each-ref --format=%(refname)%00%(upstream:short)%00%(objectname)%00%(upstream:track) refs/heads/main refs/remotes/main [3ms]
[2022-05-02T21:55:32.747Z] > git remote --verbose [1ms]
[2022-05-02T21:55:32.749Z] > git for-each-ref --sort -committerdate --format %(refname) %(objectname) %(*objectname) [7ms]
[2022-05-02T21:55:32.759Z] > git config --get commit.template [6ms]
[2022-05-02T21:55:37.774Z] > git symbolic-ref --short HEAD [3ms]
[2022-05-02T21:55:37.779Z] > git for-each-ref --format=%(refname)%00%(upstream:short)%00%(objectname)%00%(upstream:track) refs/heads/main refs/remotes/main [3ms]
[2022-05-02T21:55:37.784Z] > git for-each-ref --sort -committerdate --format %(refname) %(objectname) %(*objectname) [3ms]
[2022-05-02T21:55:37.786Z] > git remote --verbose [3ms]
[2022-05-02T21:55:37.792Z] > git config --get commit.template [2ms]
[2022-05-02T21:55:42.812Z] > git symbolic-ref --short HEAD [4ms]
[2022-05-02T21:55:42.818Z] > git for-each-ref --format=%(refname)%00%(upstream:short)%00%(objectname)%00%(upstream:track) refs/heads/main refs/remotes/main [3ms]
[2022-05-02T21:55:42.825Z] > git for-each-ref --sort -committerdate --format %(refname) %(objectname) %(*objectname) [4ms]
[2022-05-02T21:55:42.826Z] > git remote --verbose [2ms]
[2022-05-02T21:55:42.833Z] > git config --get commit.template [4ms]
[2022-05-02T22:02:29.831Z] > git rev-parse --git-dir [1ms]
[2022-05-02T22:02:29.832Z] Open repository: /home/jack/Enso/manual
[2022-05-02T22:02:29.841Z] > git symbolic-ref --short HEAD [1ms]
[2022-05-02T22:02:29.845Z] > git for-each-ref --format=%(refname)%00%(upstream:short)%00%(objectname)%00%(upstream:track) refs/heads/master refs/remotes/master [2ms]
[2022-05-02T22:02:29.850Z] > git for-each-ref --sort -committerdate --format %(refname) %(objectname) %(*objectname) [3ms]
[2022-05-02T22:02:29.851Z] > git remote --verbose [2ms]
[2022-05-02T22:02:29.855Z] > git config --get commit.template [1ms]
[2022-05-02T22:02:31.109Z] > git rev-parse --git-dir [1ms]
[2022-05-02T22:02:31.111Z] Open repository: /home/jack/Enso/sysroot/Files/Wallpapers
[2022-05-02T22:02:31.119Z] > git symbolic-ref --short HEAD [1ms]
[2022-05-02T22:02:31.124Z] > git for-each-ref --format=%(refname)%00%(upstream:short)%00%(objectname)%00%(upstream:track) refs/heads/master refs/remotes/master [2ms]
[2022-05-02T22:02:31.131Z] > git for-each-ref --sort -committerdate --format %(refname) %(objectname) %(*objectname) [4ms]
[2022-05-02T22:02:31.132Z] > git remote --verbose [2ms]
[2022-05-02T22:02:31.137Z] > git config --get commit.template [1ms]
[2022-05-02T22:14:33.754Z] > git symbolic-ref --short HEAD [4ms]
[2022-05-02T22:14:33.757Z] > git ls-files --stage -- /home/jack/Enso/makefile [9ms]
[2022-05-02T22:14:33.760Z] > git symbolic-ref --short HEAD [18ms]
[2022-05-02T22:14:33.760Z] fatal: ref HEAD is not a symbolic ref
[2022-05-02T22:14:33.763Z] > git cat-file -s 24e0afff74fc8c2b05d4ec27b15aeaabb6681ace [4ms]
[2022-05-02T22:14:33.764Z] > git for-each-ref --format=%(refname)%00%(upstream:short)%00%(objectname)%00%(upstream:track) refs/heads/main refs/remotes/main [7ms]
[2022-05-02T22:14:33.769Z] > git symbolic-ref --short HEAD [16ms]
[2022-05-02T22:14:33.769Z] fatal: ref HEAD is not a symbolic ref
[2022-05-02T22:14:33.773Z] > git remote --verbose [4ms]
[2022-05-02T22:14:33.773Z] > git for-each-ref --sort -committerdate --format %(refname) %(objectname) %(*objectname) [7ms]
[2022-05-02T22:14:33.773Z] > git rev-parse HEAD [10ms]
[2022-05-02T22:14:33.781Z] > git for-each-ref --sort -committerdate --format %(refname) %(objectname) %(*objectname) [6ms]
[2022-05-02T22:14:33.781Z] > git rev-parse HEAD [9ms]
[2022-05-02T22:14:33.787Z] > git for-each-ref --sort -committerdate --format %(refname) %(objectname) %(*objectname) [3ms]
[2022-05-02T22:14:33.787Z] > git remote --verbose [10ms]
[2022-05-02T22:14:33.791Z] > git remote --verbose [5ms]
[2022-05-02T22:14:33.798Z] > git config --get commit.template [4ms]
[2022-05-02T22:14:33.798Z] > git config --get commit.template [7ms]
[2022-05-02T22:14:33.799Z] > git config --get commit.template [2ms]
